[2012-07-20 14:20:39.869331-04] Caching changeset 1 of 14 (12Kb)
[2012-07-20 14:20:40.350034-04] Caching changeset 2 of 14 (4Kb)
[2012-07-20 14:20:40.599373-04] Caching changeset 3 of 14 (1Kb)
[2012-07-20 14:20:40.900654-04] Caching changeset 4 of 14 (4Kb)
[2012-07-20 14:20:41.201838-04] Caching changeset 5 of 14 (17Kb)
[2012-07-20 14:20:41.618393-04] Caching changeset 6 of 14 (3Kb)
[2012-07-20 14:20:43.408379-04] Caching changeset 7 of 14 (163Kb)
[2012-07-20 14:20:43.709814-04] Caching changeset 8 of 14 (1018Kb)
[2012-07-20 14:20:44.011512-04] Caching changeset 9 of 14 (44Kb)
[2012-07-20 14:20:44.312426-04] Caching changeset 10 of 14 (5Kb)
[2012-07-20 14:20:44.613799-04] Caching changeset 11 of 14 (3892Kb)
[2012-07-20 14:20:45.616889-04] Caching changeset 12 of 14 (4Kb)
[2012-07-20 14:20:45.918347-04] Caching changeset 13 of 14 (4Kb)
[2012-07-20 14:20:46.219383-04] Caching changeset 14 of 14 (22Kb)
[2012-07-20 14:20:49.427658-04] installing 1 of 6:
[2012-07-20 14:20:49.427658-04]     distro-policy=centos6.rpath.com@rpath:centos-6-common/1.0.27-6-2
[2012-07-20 14:20:49.427658-04]     distro-policy:lib=centos6.rpath.com@rpath:centos-6-common/1.0.27-6-2
[2012-07-20 14:20:49.427658-04]     tag-cacheable-font=centos6.rpath.com@rpath:centos-6-common/20120224-1-1
[2012-07-20 14:20:49.427658-04]     tag-cacheable-font:tagdescription=centos6.rpath.com@rpath:centos-6-common/20120224-1-1
[2012-07-20 14:20:49.427658-04]     tag-desktop-file=centos6.rpath.com@rpath:centos-6-common/20120224-1-1
[2012-07-20 14:20:49.427658-04]     tag-desktop-file:tagdescription=centos6.rpath.com@rpath:centos-6-common/20120224-1-1
[2012-07-20 14:20:49.427658-04]     tag-gdk-pixbuf-loader=centos6.rpath.com@rpath:centos-6-common/20120224-1-1
[2012-07-20 14:20:49.427658-04]     tag-gdk-pixbuf-loader:tagdescription=centos6.rpath.com@rpath:centos-6-common/20120224-1-1
[2012-07-20 14:20:49.427658-04]     tag-gtk-input-method=centos6.rpath.com@rpath:centos-6-common/20120224-1-1
[2012-07-20 14:20:49.427658-04]     tag-gtk-input-method:tagdescription=centos6.rpath.com@rpath:centos-6-common/20120224-1-1
[2012-07-20 14:20:49.427658-04]     tag-gtk-update-icon-cache=centos6.rpath.com@rpath:centos-6-common/20120224-1-1
[2012-07-20 14:20:49.427658-04]     tag-gtk-update-icon-cache:tagdescription=centos6.rpath.com@rpath:centos-6-common/20120224-1-1
[2012-07-20 14:20:49.427658-04]     tag-info-file=centos6.rpath.com@rpath:centos-6-common/20120224-1-1
[2012-07-20 14:20:49.427658-04]     tag-info-file:tagdescription=centos6.rpath.com@rpath:centos-6-common/20120224-1-1
[2012-07-20 14:20:49.729807-04] installing 2 of 6:
[2012-07-20 14:20:49.729807-04]     tag-initscript=centos6.rpath.com@rpath:centos-6-common/20120224-1-1
[2012-07-20 14:20:49.729807-04]     tag-initscript:tagdescription=centos6.rpath.com@rpath:centos-6-common/20120224-1-1
[2012-07-20 14:20:49.729807-04]     tag-mime-database=centos6.rpath.com@rpath:centos-6-common/20120224-1-1
[2012-07-20 14:20:49.729807-04]     tag-mime-database:tagdescription=centos6.rpath.com@rpath:centos-6-common/20120224-1-1
[2012-07-20 14:20:49.729807-04]     tag-pangomodule=centos6.rpath.com@rpath:centos-6-common/20120224-1-1
[2012-07-20 14:20:49.729807-04]     tag-pangomodule:tagdescription=centos6.rpath.com@rpath:centos-6-common/20120224-1-1
[2012-07-20 14:20:49.729807-04]     tag-shell=centos6.rpath.com@rpath:centos-6-common/20120224-1-1
[2012-07-20 14:20:49.729807-04]     tag-shell:tagdescription=centos6.rpath.com@rpath:centos-6-common/20120224-1-1
[2012-07-20 14:20:49.729807-04]     tag-x-font=centos6.rpath.com@rpath:centos-6-common/20120224-1-1
[2012-07-20 14:20:49.729807-04]     tag-x-font:tagdescription=centos6.rpath.com@rpath:centos-6-common/20120224-1-1
[2012-07-20 14:20:50.13893-04] installing 3 of 6:
[2012-07-20 14:20:50.13893-04]     audit-libs=centos6.rpath.com@rpath:centos-6e/2.1.3_3.el6-1-1[is: x86_64]
[2012-07-20 14:20:50.13893-04]     audit-libs:rpm=centos6.rpath.com@rpath:centos-6e/2.1.3_3.el6-1-1[is: x86_64]
[2012-07-20 14:20:50.13893-04]     basesystem=centos6.rpath.com@rpath:centos-6e/10.0_4.el6-1-1[is: x86_64]
[2012-07-20 14:20:50.13893-04]     basesystem:rpm=centos6.rpath.com@rpath:centos-6e/10.0_4.el6-1-1[is: x86_64]
[2012-07-20 14:20:50.13893-04]     bash:rpm=centos6.rpath.com@rpath:centos-6e/4.1.2_9.el6_2-1-1[is: x86_64]
[2012-07-20 14:20:50.13893-04]     bzip2-libs=centos6.rpath.com@rpath:centos-6e/1.0.5_7.el6_0-1-1[is: x86_64]
[2012-07-20 14:20:50.13893-04]     bzip2-libs:rpm=centos6.rpath.com@rpath:centos-6e/1.0.5_7.el6_0-1-1[is: x86_64]
[2012-07-20 14:20:50.13893-04]     bzip2:rpm=centos6.rpath.com@rpath:centos-6e/1.0.5_7.el6_0-1-1[is: x86_64]
[2012-07-20 14:20:50.13893-04]     ca-certificates=centos6.rpath.com@rpath:centos-6e/2010.63_3.el6_1.5-1-1[is: x86_64]
[2012-07-20 14:20:50.13893-04]     ca-certificates:rpm=centos6.rpath.com@rpath:centos-6e/2010.63_3.el6_1.5-1-1[is: x86_64]
[2012-07-20 14:20:50.13893-04]     coreutils-libs=centos6.rpath.com@rpath:centos-6e/8.4_16.el6-1-1[is: x86_64]
[2012-07-20 14:20:50.13893-04]     coreutils-libs:rpm=centos6.rpath.com@rpath:centos-6e/8.4_16.el6-1-1[is: x86_64]
[2012-07-20 14:20:50.13893-04]     coreutils:rpm=centos6.rpath.com@rpath:centos-6e/8.4_16.el6-1-1[is: x86_64]
[2012-07-20 14:20:50.13893-04]     cpio=centos6.rpath.com@rpath:centos-6e/2.10_9.el6-1-1[is: x86_64]
[2012-07-20 14:20:50.13893-04]     cpio:rpm=centos6.rpath.com@rpath:centos-6e/2.10_9.el6-1-1[is: x86_64]
[2012-07-20 14:20:50.13893-04]     cracklib=centos6.rpath.com@rpath:centos-6e/2.8.16_4.el6-1-1[is: x86_64]
[2012-07-20 14:20:50.13893-04]     cracklib-dicts=centos6.rpath.com@rpath:centos-6e/2.8.16_4.el6-1-1[is: x86_64]
[2012-07-20 14:20:50.13893-04]     cracklib-dicts:rpm=centos6.rpath.com@rpath:centos-6e/2.8.16_4.el6-1-1[is: x86_64]
[2012-07-20 14:20:50.13893-04]     cracklib:rpm=centos6.rpath.com@rpath:centos-6e/2.8.16_4.el6-1-1[is: x86_64]
[2012-07-20 14:20:50.13893-04]     db4=centos6.rpath.com@rpath:centos-6e/4.7.25_16.el6-1-1[is: x86_64]
[2012-07-20 14:20:50.13893-04]     db4:rpm=centos6.rpath.com@rpath:centos-6e/4.7.25_16.el6-1-1[is: x86_64]
[2012-07-20 14:20:50.13893-04]     expat=centos6.rpath.com@rpath:centos-6e/2.0.1_11.el6_2-1-1[is: x86_64]
[2012-07-20 14:20:50.13893-04]     expat:rpm=centos6.rpath.com@rpath:centos-6e/2.0.1_11.el6_2-1-1[is: x86_64]
[2012-07-20 14:20:50.13893-04]     filesystem:rpm=centos6.rpath.com@rpath:centos-6e/2.4.30_3.el6-1-1[is: x86_64]
[2012-07-20 14:20:50.13893-04]     findutils:rpm=centos6.rpath.com@rpath:centos-6e/4.4.2_6.el6-1-1[is: x86_64]
[2012-07-20 14:20:50.13893-04]     gawk=centos6.rpath.com@rpath:centos-6e/3.1.7_6.el6-1-1[is: x86_64]
[2012-07-20 14:20:50.13893-04]     gawk:rpm=centos6.rpath.com@rpath:centos-6e/3.1.7_6.el6-1-1[is: x86_64]
[2012-07-20 14:20:50.13893-04]     gdbm=centos6.rpath.com@rpath:centos-6e/1.8.0_36.el6-1-1[is: x86_64]
[2012-07-20 14:20:50.13893-04]     gdbm:rpm=centos6.rpath.com@rpath:centos-6e/1.8.0_36.el6-1-1[is: x86_64]
[2012-07-20 14:20:50.13893-04]     glibc=centos6.rpath.com@rpath:centos-6e/2.12_1.47.el6_2.12-1-1[is: x86_64]
[2012-07-20 14:20:50.13893-04]     glibc-common=centos6.rpath.com@rpath:centos-6e/2.12_1.47.el6_2.12-1-1[is: x86_64]
[2012-07-20 14:20:50.13893-04]     glibc-common:rpm=centos6.rpath.com@rpath:centos-6e/2.12_1.47.el6_2.12-1-1[is: x86_64]
[2012-07-20 14:20:50.13893-04]     glibc:rpm=centos6.rpath.com@rpath:centos-6e/2.12_1.47.el6_2.12-1-1[is: x86_64]
[2012-07-20 14:20:50.13893-04]     gmp=centos6.rpath.com@rpath:centos-6e/4.3.1_7.el6_2.2-1-1[is: x86_64]
[2012-07-20 14:20:50.13893-04]     gmp:rpm=centos6.rpath.com@rpath:centos-6e/4.3.1_7.el6_2.2-1-1[is: x86_64]
[2012-07-20 14:20:50.13893-04]     grep=centos6.rpath.com@rpath:centos-6e/2.6.3_2.el6-1-1[is: x86_64]
[2012-07-20 14:20:50.13893-04]     grep:rpm=centos6.rpath.com@rpath:centos-6e/2.6.3_2.el6-1-1[is: x86_64]
[2012-07-20 14:20:50.13893-04]     groff=centos6.rpath.com@rpath:centos-6e/1.18.1.4_21.el6-1-1[is: x86_64]
[2012-07-20 14:20:50.13893-04]     groff:rpm=centos6.rpath.com@rpath:centos-6e/1.18.1.4_21.el6-1-1[is: x86_64]
[2012-07-20 14:20:50.13893-04]     gzip=centos6.rpath.com@rpath:centos-6e/1.3.12_18.el6-1-1[is: x86_64]
[2012-07-20 14:20:50.13893-04]     gzip:rpm=centos6.rpath.com@rpath:centos-6e/1.3.12_18.el6-1-1[is: x86_64]
[2012-07-20 14:20:50.13893-04]     info=centos6.rpath.com@rpath:centos-6e/4.13a_8.el6-1-1[is: x86_64]
[2012-07-20 14:20:50.13893-04]     info:rpm=centos6.rpath.com@rpath:centos-6e/4.13a_8.el6-1-1[is: x86_64]
[2012-07-20 14:20:50.13893-04]     keyutils-libs=centos6.rpath.com@rpath:centos-6e/1.4_3.el6-1-1[is: x86_64]
[2012-07-20 14:20:50.13893-04]     keyutils-libs:rpm=centos6.rpath.com@rpath:centos-6e/1.4_3.el6-1-1[is: x86_64]
[2012-07-20 14:20:50.13893-04]     krb5-libs=centos6.rpath.com@rpath:centos-6e/1.9_22.el6_2.1-1-1[is: x86_64]
[2012-07-20 14:20:50.13893-04]     krb5-libs:rpm=centos6.rpath.com@rpath:centos-6e/1.9_22.el6_2.1-1-1[is: x86_64]
[2012-07-20 14:20:50.13893-04]     less=centos6.rpath.com@rpath:centos-6e/436_10.el6-1-1[is: x86_64]
[2012-07-20 14:20:50.13893-04]     less:rpm=centos6.rpath.com@rpath:centos-6e/436_10.el6-1-1[is: x86_64]
[2012-07-20 14:20:50.13893-04]     libacl=centos6.rpath.com@rpath:centos-6e/2.2.49_6.el6-1-1[is: x86_64]
[2012-07-20 14:20:50.13893-04]     libacl:rpm=centos6.rpath.com@rpath:centos-6e/2.2.49_6.el6-1-1[is: x86_64]
[2012-07-20 14:20:50.13893-04]     libattr=centos6.rpath.com@rpath:centos-6e/2.4.44_7.el6-1-1[is: x86_64]
[2012-07-20 14:20:50.13893-04]     libattr:rpm=centos6.rpath.com@rpath:centos-6e/2.4.44_7.el6-1-1[is: x86_64]
[2012-07-20 14:20:50.13893-04]     libcap=centos6.rpath.com@rpath:centos-6e/2.16_5.5.el6-1-1[is: x86_64]
[2012-07-20 14:20:50.13893-04]     libcap:rpm=centos6.rpath.com@rpath:centos-6e/2.16_5.5.el6-1-1[is: x86_64]
[2012-07-20 14:20:50.13893-04]     libcom_err=centos6.rpath.com@rpath:centos-6e/1.41.12_11.el6-1-1[is: x86_64]
[2012-07-20 14:20:50.13893-04]     libcom_err:rpm=centos6.rpath.com@rpath:centos-6e/1.41.12_11.el6-1-1[is: x86_64]
[2012-07-20 14:20:50.13893-04]     libffi=centos6.rpath.com@rpath:centos-6e/3.0.5_3.2.el6-1-1[is: x86_64]
[2012-07-20 14:20:50.13893-04]     libffi:rpm=centos6.rpath.com@rpath:centos-6e/3.0.5_3.2.el6-1-1[is: x86_64]
[2012-07-20 14:20:50.13893-04]     libgcc=centos6.rpath.com@rpath:centos-6e/4.4.6_3.el6-1-1[is: x86_64]
[2012-07-20 14:20:50.13893-04]     libgcc:rpm=centos6.rpath.com@rpath:centos-6e/4.4.6_3.el6-1-1[is: x86_64]
[2012-07-20 14:20:50.13893-04]     libselinux=centos6.rpath.com@rpath:centos-6e/2.0.94_5.2.el6-1-1[is: x86_64]
[2012-07-20 14:20:50.13893-04]     libselinux:rpm=centos6.rpath.com@rpath:centos-6e/2.0.94_5.2.el6-1-1[is: x86_64]
[2012-07-20 14:20:50.13893-04]     libsepol=centos6.rpath.com@rpath:centos-6e/2.0.41_4.el6-1-1[is: x86_64]
[2012-07-20 14:20:50.13893-04]     libsepol:rpm=centos6.rpath.com@rpath:centos-6e/2.0.41_4.el6-1-1[is: x86_64]
[2012-07-20 14:20:50.13893-04]     libstdc++=centos6.rpath.com@rpath:centos-6e/4.4.6_3.el6-1-1[is: x86_64]
[2012-07-20 14:20:50.13893-04]     libstdc++:rpm=centos6.rpath.com@rpath:centos-6e/4.4.6_3.el6-1-1[is: x86_64]
[2012-07-20 14:20:50.13893-04]     make:rpm=centos6.rpath.com@rpath:centos-6e/3.81_19.el6-1-1[is: x86_64]
[2012-07-20 14:20:50.13893-04]     ncurses=centos6.rpath.com@rpath:centos-6e/5.7_3.20090208.el6-1-1[is: x86_64]
[2012-07-20 14:20:50.13893-04]     ncurses-base=centos6.rpath.com@rpath:centos-6e/5.7_3.20090208.el6-1-1[is: x86_64]
[2012-07-20 14:20:50.13893-04]     ncurses-base:rpm=centos6.rpath.com@rpath:centos-6e/5.7_3.20090208.el6-1-1[is: x86_64]
[2012-07-20 14:20:50.13893-04]     ncurses-libs=centos6.rpath.com@rpath:centos-6e/5.7_3.20090208.el6-1-1[is: x86_64]
[2012-07-20 14:20:50.13893-04]     ncurses-libs:rpm=centos6.rpath.com@rpath:centos-6e/5.7_3.20090208.el6-1-1[is: x86_64]
[2012-07-20 14:20:50.13893-04]     ncurses:rpm=centos6.rpath.com@rpath:centos-6e/5.7_3.20090208.el6-1-1[is: x86_64]
[2012-07-20 14:20:50.13893-04]     net-tools:rpm=centos6.rpath.com@rpath:centos-6e/1.60_110.el6_2-1-1[is: x86_64]
[2012-07-20 14:20:50.13893-04]     nss-softokn-freebl=centos6.rpath.com@rpath:centos-6e/3.12.9_11.el6-1-1[is: x86_64]
[2012-07-20 14:20:50.13893-04]     nss-softokn-freebl:rpm=centos6.rpath.com@rpath:centos-6e/3.12.9_11.el6-1-1[is: x86_64]
[2012-07-20 14:20:50.13893-04]     openssl=centos6.rpath.com@rpath:centos-6e/1.0.0_20.el6_2.5-1-1[is: x86_64]
[2012-07-20 14:20:50.13893-04]     openssl:rpm=centos6.rpath.com@rpath:centos-6e/1.0.0_20.el6_2.5-1-1[is: x86_64]
[2012-07-20 14:20:50.13893-04]     pam=centos6.rpath.com@rpath:centos-6e/1.1.1_10.el6_2.1-1-1[is: x86_64]
[2012-07-20 14:20:50.13893-04]     pam:rpm=centos6.rpath.com@rpath:centos-6e/1.1.1_10.el6_2.1-1-1[is: x86_64]
[2012-07-20 14:20:50.13893-04]     patch=centos6.rpath.com@rpath:centos-6e/2.6_6.el6-1-1[is: x86_64]
[2012-07-20 14:20:50.13893-04]     patch:rpm=centos6.rpath.com@rpath:centos-6e/2.6_6.el6-1-1[is: x86_64]
[2012-07-20 14:20:50.13893-04]     pcre=centos6.rpath.com@rpath:centos-6e/7.8_3.1.el6-1-1[is: x86_64]
[2012-07-20 14:20:50.13893-04]     pcre:rpm=centos6.rpath.com@rpath:centos-6e/7.8_3.1.el6-1-1[is: x86_64]
[2012-07-20 14:20:50.13893-04]     perl-Archive-Tar=centos6.rpath.com@rpath:centos-6e/5.10.1_119.el6_1.1-1-1[is: x86_64]
[2012-07-20 14:20:50.13893-04]     perl-Archive-Tar:rpm=centos6.rpath.com@rpath:centos-6e/5.10.1_119.el6_1.1-1-1[is: x86_64]
[2012-07-20 14:20:50.13893-04]     perl-CPAN=centos6.rpath.com@rpath:centos-6e/5.10.1_119.el6_1.1-1-1[is: x86_64]
[2012-07-20 14:20:50.13893-04]     perl-CPAN:rpm=centos6.rpath.com@rpath:centos-6e/5.10.1_119.el6_1.1-1-1[is: x86_64]
[2012-07-20 14:20:50.13893-04]     perl-Compress-Raw-Zlib=centos6.rpath.com@rpath:centos-6e/5.10.1_119.el6_1.1-1-1[is: x86_64]
[2012-07-20 14:20:50.13893-04]     perl-Compress-Raw-Zlib:rpm=centos6.rpath.com@rpath:centos-6e/5.10.1_119.el6_1.1-1-1[is: x86_64]
[2012-07-20 14:20:50.13893-04]     perl-Compress-Zlib=centos6.rpath.com@rpath:centos-6e/5.10.1_119.el6_1.1-1-1[is: x86_64]
[2012-07-20 14:20:50.13893-04]     perl-Compress-Zlib:rpm=centos6.rpath.com@rpath:centos-6e/5.10.1_119.el6_1.1-1-1[is: x86_64]
[2012-07-20 14:20:50.13893-04]     perl-Digest-SHA=centos6.rpath.com@rpath:centos-6e/5.10.1_119.el6_1.1-1-1[is: x86_64]
[2012-07-20 14:20:50.13893-04]     perl-Digest-SHA:rpm=centos6.rpath.com@rpath:centos-6e/5.10.1_119.el6_1.1-1-1[is: x86_64]
[2012-07-20 14:20:50.13893-04]     perl-ExtUtils-CBuilder=centos6.rpath.com@rpath:centos-6e/5.10.1_119.el6_1.1-1-1[is: x86_64]
[2012-07-20 14:20:50.13893-04]     perl-ExtUtils-CBuilder:rpm=centos6.rpath.com@rpath:centos-6e/5.10.1_119.el6_1.1-1-1[is: x86_64]
[2012-07-20 14:20:50.13893-04]     perl-ExtUtils-MakeMaker=centos6.rpath.com@rpath:centos-6e/5.10.1_119.el6_1.1-1-1[is: x86_64]
[2012-07-20 14:20:50.13893-04]     perl-ExtUtils-MakeMaker:rpm=centos6.rpath.com@rpath:centos-6e/5.10.1_119.el6_1.1-1-1[is: x86_64]
[2012-07-20 14:20:50.13893-04]     perl-ExtUtils-ParseXS=centos6.rpath.com@rpath:centos-6e/5.10.1_119.el6_1.1-1-1[is: x86_64]
[2012-07-20 14:20:50.13893-04]     perl-ExtUtils-ParseXS:rpm=centos6.rpath.com@rpath:centos-6e/5.10.1_119.el6_1.1-1-1[is: x86_64]
[2012-07-20 14:20:50.13893-04]     perl-IO-Compress-Base=centos6.rpath.com@rpath:centos-6e/5.10.1_119.el6_1.1-1-1[is: x86_64]
[2012-07-20 14:20:50.13893-04]     perl-IO-Compress-Base:rpm=centos6.rpath.com@rpath:centos-6e/5.10.1_119.el6_1.1-1-1[is: x86_64]
[2012-07-20 14:20:50.13893-04]     perl-IO-Compress-Zlib=centos6.rpath.com@rpath:centos-6e/5.10.1_119.el6_1.1-1-1[is: x86_64]
[2012-07-20 14:20:50.13893-04]     perl-IO-Compress-Zlib:rpm=centos6.rpath.com@rpath:centos-6e/5.10.1_119.el6_1.1-1-1[is: x86_64]
[2012-07-20 14:20:50.13893-04]     perl-IO-Zlib=centos6.rpath.com@rpath:centos-6e/5.10.1_119.el6_1.1-1-1[is: x86_64]
[2012-07-20 14:20:50.13893-04]     perl-IO-Zlib:rpm=centos6.rpath.com@rpath:centos-6e/5.10.1_119.el6_1.1-1-1[is: x86_64]
[2012-07-20 14:20:50.13893-04]     perl-Module-Build=centos6.rpath.com@rpath:centos-6e/5.10.1_119.el6_1.1-1-1[is: x86_64]
[2012-07-20 14:20:50.13893-04]     perl-Module-Build:rpm=centos6.rpath.com@rpath:centos-6e/5.10.1_119.el6_1.1-1-1[is: x86_64]
[2012-07-20 14:20:50.13893-04]     perl-Module-CoreList=centos6.rpath.com@rpath:centos-6e/5.10.1_119.el6_1.1-1-1[is: x86_64]
[2012-07-20 14:20:50.13893-04]     perl-Module-CoreList:rpm=centos6.rpath.com@rpath:centos-6e/5.10.1_119.el6_1.1-1-1[is: x86_64]
[2012-07-20 14:20:50.13893-04]     perl-Module-Pluggable=centos6.rpath.com@rpath:centos-6e/5.10.1_119.el6_1.1-1-1[is: x86_64]
[2012-07-20 14:20:50.13893-04]     perl-Module-Pluggable:rpm=centos6.rpath.com@rpath:centos-6e/5.10.1_119.el6_1.1-1-1[is: x86_64]
[2012-07-20 14:20:50.13893-04]     perl-Package-Constants=centos6.rpath.com@rpath:centos-6e/5.10.1_119.el6_1.1-1-1[is: x86_64]
[2012-07-20 14:20:50.13893-04]     perl-Package-Constants:rpm=centos6.rpath.com@rpath:centos-6e/5.10.1_119.el6_1.1-1-1[is: x86_64]
[2012-07-20 14:20:50.13893-04]     perl-Parse-CPAN-Meta=centos6.rpath.com@rpath:centos-6e/5.10.1_119.el6_1.1-1-1[is: x86_64]
[2012-07-20 14:20:50.13893-04]     perl-Parse-CPAN-Meta:rpm=centos6.rpath.com@rpath:centos-6e/5.10.1_119.el6_1.1-1-1[is: x86_64]
[2012-07-20 14:20:50.13893-04]     perl-Pod-Escapes=centos6.rpath.com@rpath:centos-6e/5.10.1_119.el6_1.1-1-1[is: x86_64]
[2012-07-20 14:20:50.13893-04]     perl-Pod-Escapes:rpm=centos6.rpath.com@rpath:centos-6e/5.10.1_119.el6_1.1-1-1[is: x86_64]
[2012-07-20 14:20:50.13893-04]     perl-Pod-Simple=centos6.rpath.com@rpath:centos-6e/5.10.1_119.el6_1.1-1-1[is: x86_64]
[2012-07-20 14:20:50.13893-04]     perl-Pod-Simple:rpm=centos6.rpath.com@rpath:centos-6e/5.10.1_119.el6_1.1-1-1[is: x86_64]
[2012-07-20 14:20:50.13893-04]     perl-Test-Harness=centos6.rpath.com@rpath:centos-6e/5.10.1_119.el6_1.1-1-1[is: x86_64]
[2012-07-20 14:20:50.13893-04]     perl-Test-Harness:rpm=centos6.rpath.com@rpath:centos-6e/5.10.1_119.el6_1.1-1-1[is: x86_64]
[2012-07-20 14:20:50.13893-04]     perl-Time-HiRes=centos6.rpath.com@rpath:centos-6e/5.10.1_119.el6_1.1-1-1[is: x86_64]
[2012-07-20 14:20:50.13893-04]     perl-Time-HiRes:rpm=centos6.rpath.com@rpath:centos-6e/5.10.1_119.el6_1.1-1-1[is: x86_64]
[2012-07-20 14:20:50.13893-04]     perl-devel=centos6.rpath.com@rpath:centos-6e/5.10.1_119.el6_1.1-1-1[is: x86_64]
[2012-07-20 14:20:50.13893-04]     perl-devel:rpm=centos6.rpath.com@rpath:centos-6e/5.10.1_119.el6_1.1-1-1[is: x86_64]
[2012-07-20 14:20:50.13893-04]     perl-libs=centos6.rpath.com@rpath:centos-6e/5.10.1_119.el6_1.1-1-1[is: x86_64]
[2012-07-20 14:20:50.13893-04]     perl-libs:rpm=centos6.rpath.com@rpath:centos-6e/5.10.1_119.el6_1.1-1-1[is: x86_64]
[2012-07-20 14:20:50.13893-04]     perl-version=centos6.rpath.com@rpath:centos-6e/5.10.1_119.el6_1.1-1-1[is: x86_64]
[2012-07-20 14:20:50.13893-04]     perl-version:rpm=centos6.rpath.com@rpath:centos-6e/5.10.1_119.el6_1.1-1-1[is: x86_64]
[2012-07-20 14:20:50.13893-04]     perl:rpm=centos6.rpath.com@rpath:centos-6e/5.10.1_119.el6_1.1-1-1[is: x86_64]
[2012-07-20 14:20:50.13893-04]     python=centos6.rpath.com@rpath:centos-6e/2.6.6_29.el6_2.2-1-1[is: x86_64]
[2012-07-20 14:20:50.13893-04]     python-libs=centos6.rpath.com@rpath:centos-6e/2.6.6_29.el6_2.2-1-1[is: x86_64]
[2012-07-20 14:20:50.13893-04]     python-libs:rpm=centos6.rpath.com@rpath:centos-6e/2.6.6_29.el6_2.2-1-1[is: x86_64]
[2012-07-20 14:20:50.13893-04]     python:rpm=centos6.rpath.com@rpath:centos-6e/2.6.6_29.el6_2.2-1-1[is: x86_64]
[2012-07-20 14:20:50.13893-04]     readline=centos6.rpath.com@rpath:centos-6e/6.0_3.el6-1-1[is: x86_64]
[2012-07-20 14:20:50.13893-04]     readline:rpm=centos6.rpath.com@rpath:centos-6e/6.0_3.el6-1-1[is: x86_64]
[2012-07-20 14:20:50.13893-04]     sed=centos6.rpath.com@rpath:centos-6e/4.2.1_7.el6-1-1[is: x86_64]
[2012-07-20 14:20:50.13893-04]     sed:rpm=centos6.rpath.com@rpath:centos-6e/4.2.1_7.el6-1-1[is: x86_64]
[2012-07-20 14:20:50.13893-04]     setup=centos6.rpath.com@rpath:centos-6e/2.8.14_13.el6-1-1[is: x86_64]
[2012-07-20 14:20:50.13893-04]     setup:rpm=centos6.rpath.com@rpath:centos-6e/2.8.14_13.el6-1-1[is: x86_64]
[2012-07-20 14:20:50.13893-04]     sqlite=centos6.rpath.com@rpath:centos-6e/3.6.20_1.el6-1-1[is: x86_64]
[2012-07-20 14:20:50.13893-04]     sqlite:rpm=centos6.rpath.com@rpath:centos-6e/3.6.20_1.el6-1-1[is: x86_64]
[2012-07-20 14:20:50.13893-04]     tar=centos6.rpath.com@rpath:centos-6e/1.23_3.el6-1-1[is: x86_64]
[2012-07-20 14:20:50.13893-04]     tar:rpm=centos6.rpath.com@rpath:centos-6e/1.23_3.el6-1-1[is: x86_64]
[2012-07-20 14:20:50.13893-04]     tzdata=centos6.rpath.com@rpath:centos-6e/2012c_1.el6-1-1[is: x86_64]
[2012-07-20 14:20:50.13893-04]     tzdata:rpm=centos6.rpath.com@rpath:centos-6e/2012c_1.el6-1-1[is: x86_64]
[2012-07-20 14:20:50.13893-04]     xz=centos6.rpath.com@rpath:centos-6e/4.999.9_0.3.beta.20091007git.el6-1-1[is: x86_64]
[2012-07-20 14:20:50.13893-04]     xz-libs=centos6.rpath.com@rpath:centos-6e/4.999.9_0.3.beta.20091007git.el6-1-1[is: x86_64]
[2012-07-20 14:20:50.13893-04]     xz-libs:rpm=centos6.rpath.com@rpath:centos-6e/4.999.9_0.3.beta.20091007git.el6-1-1[is: x86_64]
[2012-07-20 14:20:50.13893-04]     xz:rpm=centos6.rpath.com@rpath:centos-6e/4.999.9_0.3.beta.20091007git.el6-1-1[is: x86_64]
[2012-07-20 14:20:50.13893-04]     zlib=centos6.rpath.com@rpath:centos-6e/1.2.3_27.el6-1-1[is: x86_64]
[2012-07-20 14:20:50.13893-04]     zlib:rpm=centos6.rpath.com@rpath:centos-6e/1.2.3_27.el6-1-1[is: x86_64]
[2012-07-20 14:21:22.128412-04] installing 4 of 6:
[2012-07-20 14:21:22.128412-04]     conary-build:config=centos6.rpath.com@rpath:centos-6-common/2.4.4-1-1[is: x86_64]
[2012-07-20 14:21:22.128412-04]     conary-build:lib=centos6.rpath.com@rpath:centos-6-common/2.4.4-1-1[is: x86_64]
[2012-07-20 14:21:22.128412-04]     conary-policy=centos6.rpath.com@rpath:centos-6-common/1.0.29+b020738220e0_b020738220e0-1-1[is: x86_64]
[2012-07-20 14:21:22.128412-04]     conary-policy:lib=centos6.rpath.com@rpath:centos-6-common/1.0.29+b020738220e0_b020738220e0-1-1[is: x86_64]
[2012-07-20 14:21:22.128412-04]     conary:config=centos6.rpath.com@rpath:centos-6-common/2.4.4-1-1[is: x86_64]
[2012-07-20 14:21:22.128412-04]     libelf-lgpl=centos6.rpath.com@rpath:centos-6-common/0.8.13-2-1[is: x86_64]
[2012-07-20 14:21:22.128412-04]     libelf-lgpl:lib=centos6.rpath.com@rpath:centos-6-common/0.8.13-2-1[is: x86_64]
[2012-07-20 14:21:22.128412-04]     m2crypto-conary=centos6.rpath.com@rpath:centos-6-common/0.20.2-3-1[is: x86_64]
[2012-07-20 14:21:22.128412-04]     m2crypto-conary:python=centos6.rpath.com@rpath:centos-6-common/0.20.2-3-1[is: x86_64]
[2012-07-20 14:21:22.128412-04]     python-conary=centos6.rpath.com@rpath:centos-6-common/2.6.3-12-1[is: x86_64]
[2012-07-20 14:21:22.128412-04]     python-conary:devel=centos6.rpath.com@rpath:centos-6-common/2.6.3-12-1[is: x86_64]
[2012-07-20 14:21:22.128412-04]     python-conary:devellib=centos6.rpath.com@rpath:centos-6-common/2.6.3-12-1[is: x86_64]
[2012-07-20 14:21:22.128412-04]     python-conary:lib=centos6.rpath.com@rpath:centos-6-common/2.6.3-12-1[is: x86_64]
[2012-07-20 14:21:22.128412-04]     python-conary:runtime=centos6.rpath.com@rpath:centos-6-common/2.6.3-12-1[is: x86_64]
[2012-07-20 14:21:24.751611-04] installing 5 of 6:
[2012-07-20 14:21:24.751611-04]     conary=centos6.rpath.com@rpath:centos-6-common/2.4.4-1-1[is: x86_64]
[2012-07-20 14:21:24.751611-04]     conary-build=centos6.rpath.com@rpath:centos-6-common/2.4.4-1-1[is: x86_64]
[2012-07-20 14:21:24.751611-04]     conary-build:python=centos6.rpath.com@rpath:centos-6-common/2.4.4-1-1[is: x86_64]
[2012-07-20 14:21:24.751611-04]     conary-build:runtime=centos6.rpath.com@rpath:centos-6-common/2.4.4-1-1[is: x86_64]
[2012-07-20 14:21:24.751611-04]     conary:data=centos6.rpath.com@rpath:centos-6-common/2.4.4-1-1[is: x86_64]
[2012-07-20 14:21:24.751611-04]     conary:python=centos6.rpath.com@rpath:centos-6-common/2.4.4-1-1[is: x86_64]
[2012-07-20 14:21:24.751611-04]     conary:runtime=centos6.rpath.com@rpath:centos-6-common/2.4.4-1-1[is: x86_64]
[2012-07-20 14:21:24.751611-04]     rpm=centos6.rpath.com@rpath:centos-6e/4.8.0_19.el6_2.1-2-1[is: x86_64]
[2012-07-20 14:21:24.751611-04]     rpm:python=centos6.rpath.com@rpath:centos-6e/4.8.0_19.el6_2.1-2-1[is: x86_64]
[2012-07-20 14:21:24.751611-04]     tag-usergroup-info=centos6.rpath.com@rpath:centos-6-common/20120224-1-1
[2012-07-20 14:21:24.751611-04]     tag-usergroup-info:tagdescription=centos6.rpath.com@rpath:centos-6-common/20120224-1-1
[2012-07-20 14:21:24.751611-04]     tag-usergroup-info:taghandler=centos6.rpath.com@rpath:centos-6-common/20120224-1-1
[2012-07-20 14:21:25.838749-04] installing 6 of 6:
[2012-07-20 14:21:25.838749-04]     testutils=jules.eng.rpath.com@rpath:centos-6e-testutils/07dd539f9405-1-1[is: x86_64]
[2012-07-20 14:21:25.838749-04]     testutils:python=jules.eng.rpath.com@rpath:centos-6e-testutils/07dd539f9405-1-1[is: x86_64]
[2012-07-20 14:21:25.838749-04]     testutils:runtime=jules.eng.rpath.com@rpath:centos-6e-testutils/07dd539f9405-1-1[is: x86_64]
[2012-07-20 14:21:25.838749-04]     testutils:supdoc=jules.eng.rpath.com@rpath:centos-6e-testutils/07dd539f9405-1-1[is: x86_64]
